
> foundations@1.0.0 build-storybook
> storybook build --output-dir=/var/folders/tj/h66wk2597nq0zsg513cw091r0000gn/T/chromatic--31736-spDglKApYD5i


[90m┌[39m  Building storybook v10.2.14
[90m│[39m
[32m◇[39m  Cleaning outputDir:
[90m│[39m  [36m../../../../../var/folders/tj/h66wk2597nq0zsg513cw091r0000gn/T/chromatic--31736-spDglKApYD5i[39m
[90m│[39m
[32m◇[39m  Loading presets
[90m│[39m
[32m◇[39m  Building manager..
[90m│[39m
[34m●[39m  Building preview..
[90m│[39m  [43mVite[49m [36mvite v7.3.1 [32mbuilding client environment for production...[36m[39m
[90m│[39m  [43mVite[49m transforming...
[90m│[39m  [43mVite[49m [32m✓[39m 197 modules transformed.
[90m│[39m  [43mVite[49m rendering chunks...
[90m│[39m  [43mVite[49m computing gzip size...
[90m│[39m  [43mVite[49m
[90m│[39m  [2m../../../../../var/folders/tj/h66wk2597nq0zsg513cw091r0000gn/T/chromatic--31736-spDglKApYD5i/[22m[2massets/[22m[32mcontext-C0qIqeS4.png[39m[1m[2m[22m
[90m│[39m  [2m6.12 kB[22m[1m[22m
[90m│[39m  [43mVite[49m
[90m│[39m  [2m../../../../../var/folders/tj/h66wk2597nq0zsg513cw091r0000gn/T/chromatic--31736-spDglKApYD5i/[22m[2massets/[22m[32mstyling-Bk6zjRzU.png[39m[1m[2m[22m
[90m│[39m  [2m7.24 kB[22m[1m[22m
[90m│[39m  [43mVite[49m
[90m│[39m  [2m../../../../../var/folders/tj/h66wk2597nq0zsg513cw091r0000gn/T/chromatic--31736-spDglKApYD5i/[22m[32miframe.html[39m[1m[2m[22m
[90m│[39m  [2m18.54 kB[22m[1m[22m[2m │ gzip:   5.22 kB[22m
[90m│[39m  [43mVite[49m
[90m│[39m  [2m../../../../../var/folders/tj/h66wk2597nq0zsg513cw091r0000gn/T/chromatic--31736-spDglKApYD5i/[22m[2massets/[22m[32mdocs---vsFbMi.png[39m[1m[2m[22m
[90m│[39m  [2m27.88 kB[22m[1m[22m
[90m│[39m  [43mVite[49m
[90m│[39m  [2m../../../../../var/folders/tj/h66wk2597nq0zsg513cw091r0000gn/T/chromatic--31736-spDglKApYD5i/[22m[2massets/[22m[32mshare-DGA-UcQf.png[39m[1m[2m[22m
[90m│[39m  [2m40.77 kB[22m[1m[22m
[90m│[39m  [43mVite[49m
[90m│[39m  [2m../../../../../var/folders/tj/h66wk2597nq0zsg513cw091r0000gn/T/chromatic--31736-spDglKApYD5i/[22m[2massets/[22m[32maccessibility-W_h2acOZ.png[39m[1m[2m[22m
[90m│[39m  [2m42.34 kB[22m[1m[22m
[90m│[39m  [43mVite[49m
[90m│[39m  [2m../../../../../var/folders/tj/h66wk2597nq0zsg513cw091r0000gn/T/chromatic--31736-spDglKApYD5i/[22m[2massets/[22m[32mfigma-plugin-CH2hELiO.png[39m[1m[2m[22m
[90m│[39m  [2m44.25 kB[22m[1m[22m
[90m│[39m  [43mVite[49m
[90m│[39m  [2m../../../../../var/folders/tj/h66wk2597nq0zsg513cw091r0000gn/T/chromatic--31736-spDglKApYD5i/[22m[2massets/[22m[32mtheming-D6WJLNoW.png[39m[1m[2m[22m
[90m│[39m  [2m44.37 kB[22m[1m[22m
[90m│[39m  [43mVite[49m
[90m│[39m  [2m../../../../../var/folders/tj/h66wk2597nq0zsg513cw091r0000gn/T/chromatic--31736-spDglKApYD5i/[22m[2massets/[22m[32mtesting-cbzR9l9r.png[39m[1m[2m[22m
[90m│[39m  [2m49.31 kB[22m[1m[22m
[90m│[39m  [43mVite[49m
[90m│[39m  [2m../../../../../var/folders/tj/h66wk2597nq0zsg513cw091r0000gn/T/chromatic--31736-spDglKApYD5i/[22m[2massets/[22m[32maddon-library-BWUCAmyN.png[39m[1m[2m[22m
[90m│[39m  [2m467.37 kB[22m[1m[22m
[90m│[39m  [43mVite[49m
[90m│[39m  [2m../../../../../var/folders/tj/h66wk2597nq0zsg513cw091r0000gn/T/chromatic--31736-spDglKApYD5i/[22m[2massets/[22m[35mHeader-Ck-SSN7O.css[39m[1m[2m[22m
[90m│[39m  [2m0.51 kB[22m[1m[22m[2m │ gzip:   0.30 kB[22m
[90m│[39m  [43mVite[49m
[90m│[39m  [2m../../../../../var/folders/tj/h66wk2597nq0zsg513cw091r0000gn/T/chromatic--31736-spDglKApYD5i/[22m[2massets/[22m[35mButton-D507OgKH.css[39m[1m[2m[22m
[90m│[39m  [2m0.52 kB[22m[1m[22m[2m │ gzip:   0.29 kB[22m
[90m│[39m  [43mVite[49m
[90m│[39m  [2m../../../../../var/folders/tj/h66wk2597nq0zsg513cw091r0000gn/T/chromatic--31736-spDglKApYD5i/[22m[2massets/[22m[35mPage-CeeQJVdd.css[39m[1m[2m[22m
[90m│[39m  [2m0.91 kB[22m[1m[22m[2m │ gzip:   0.39 kB[22m
[90m│[39m  [43mVite[49m
[90m│[39m  [2m../../../../../var/folders/tj/h66wk2597nq0zsg513cw091r0000gn/T/chromatic--31736-spDglKApYD5i/[22m[2massets/[22m[36mformatter-EIJCOSYU-C523Yodn.js[39m[1m[2m[22m
[90m│[39m  [2m0.24 kB[22m[1m[22m[2m │ gzip:   0.20 kB[22m
[90m│[39m  [43mVite[49m
[90m│[39m  [2m../../../../../var/folders/tj/h66wk2597nq0zsg513cw091r0000gn/T/chromatic--31736-spDglKApYD5i/[22m[2massets/[22m[36mindex-DzjMXL4o.js[39m[1m[2m[22m
[90m│[39m  [2m0.46 kB[22m[1m[22m[2m │ gzip:   0.30 kB[22m
[90m│[39m  [43mVite[49m
[90m│[39m  [2m../../../../../var/folders/tj/h66wk2597nq0zsg513cw091r0000gn/T/chromatic--31736-spDglKApYD5i/[22m[2massets/[22m[36mHeader.stories-NrrQckYR.js[39m[1m[2m[22m
[90m│[39m  [2m0.76 kB[22m[1m[22m[2m │ gzip:   0.43 kB[22m
[90m│[39m  [43mVite[49m
[90m│[39m  [2m../../../../../var/folders/tj/h66wk2597nq0zsg513cw091r0000gn/T/chromatic--31736-spDglKApYD5i/[22m[2massets/[22m[36mpreload-helper-PPVm8Dsz.js[39m[1m[2m[22m
[90m│[39m  [2m1.23 kB[22m[1m[22m[2m │ gzip:   0.72 kB[22m
[90m│[39m  [43mVite[49m
[90m│[39m  [2m../../../../../var/folders/tj/h66wk2597nq0zsg513cw091r0000gn/T/chromatic--31736-spDglKApYD5i/[22m[2massets/[22m[36mDocsRenderer-LL677BLK-GF__caj6.js[39m[1m[2m[22m
[90m│[39m  [2m1.25 kB[22m[1m[22m[2m │ gzip:   0.68 kB[22m
[90m│[39m  [43mVite[49m
[90m│[39m  [2m../../../../../var/folders/tj/h66wk2597nq0zsg513cw091r0000gn/T/chromatic--31736-spDglKApYD5i/[22m[2massets/[22m[36mButton.stories-BkItwppf.js[39m[1m[2m[22m
[90m│[39m  [2m1.26 kB[22m[1m[22m[2m │ gzip:   0.51 kB[22m
[90m│[39m  [43mVite[49m
[90m│[39m  [2m../../../../../var/folders/tj/h66wk2597nq0zsg513cw091r0000gn/T/chromatic--31736-spDglKApYD5i/[22m[2massets/[22m[36mHeader-D5-cesxE.js[39m[1m[2m[22m
[90m│[39m  [2m1.72 kB[22m[1m[22m[2m │ gzip:   0.76 kB[22m
[90m│[39m  [43mVite[49m
[90m│[39m  [2m../../../../../var/folders/tj/h66wk2597nq0zsg513cw091r0000gn/T/chromatic--31736-spDglKApYD5i/[22m[2massets/[22m[36mButton-S_bNXBan.js[39m[1m[2m[22m
[90m│[39m  [2m2.14 kB[22m[1m[22m[2m │ gzip:   1.05 kB[22m
[90m│[39m  [43mVite[49m
[90m│[39m  [2m../../../../../var/folders/tj/h66wk2597nq0zsg513cw091r0000gn/T/chromatic--31736-spDglKApYD5i/[22m[2massets/[22m[36mPage.stories-BVQOORjN.js[39m[1m[2m[22m
[90m│[39m  [2m3.50 kB[22m[1m[22m[2m │ gzip:   1.50 kB[22m
[90m│[39m  [43mVite[49m
[90m│[39m  [2m../../../../../var/folders/tj/h66wk2597nq0zsg513cw091r0000gn/T/chromatic--31736-spDglKApYD5i/[22m[2massets/[22m[36mindex-CLzrmEKf.js[39m[1m[2m[22m
[90m│[39m  [2m3.66 kB[22m[1m[22m[2m │ gzip:   1.38 kB[22m
[90m│[39m  [43mVite[49m
[90m│[39m  [2m../../../../../var/folders/tj/h66wk2597nq0zsg513cw091r0000gn/T/chromatic--31736-spDglKApYD5i/[22m[2massets/[22m[36mConfigure-CGO904RF.js[39m[1m[2m[22m
[90m│[39m  [2m25.60 kB[22m[1m[22m[2m │ gzip:  10.89 kB[22m
[90m│[39m  [43mVite[49m
[90m│[39m  [2m../../../../../var/folders/tj/h66wk2597nq0zsg513cw091r0000gn/T/chromatic--31736-spDglKApYD5i/[22m[36mvite-inject-mocker-entry.js[39m[1m[2m[22m
[90m│[39m  [2m28.11 kB[22m[1m[22m[2m │ gzip:   9.77 kB[22m
[90m│[39m  [43mVite[49m
[90m│[39m  [2m../../../../../var/folders/tj/h66wk2597nq0zsg513cw091r0000gn/T/chromatic--31736-spDglKApYD5i/[22m[2massets/[22m[36mmatchers-5TDFFDYO-HJu_DfWo.js[39m[1m[2m[22m
[90m│[39m  [2m29.23 kB[22m[1m[22m[2m │ gzip:  10.00 kB[22m
[90m│[39m  [43mVite[49m
[90m│[39m  [2m../../../../../var/folders/tj/h66wk2597nq0zsg513cw091r0000gn/T/chromatic--31736-spDglKApYD5i/[22m[2massets/[22m[36mColor-6BZIO3FS-TK51JRiE.js[39m[1m[2m[22m
[90m│[39m  [2m29.92 kB[22m[1m[22m[2m │ gzip:  11.23 kB[22m
[90m│[39m  [43mVite[49m
[90m│[39m  [2m../../../../../var/folders/tj/h66wk2597nq0zsg513cw091r0000gn/T/chromatic--31736-spDglKApYD5i/[22m[2massets/[22m[36mWithTooltip-65CFNBJE-CeHMo6Mf.js[39m[1m[2m[22m
[90m│[39m  [2m33.06 kB[22m[1m[22m[2m │ gzip:  11.60 kB[22m
[90m│[39m  [43mVite[49m
[90m│[39m  [2m../../../../../var/folders/tj/h66wk2597nq0zsg513cw091r0000gn/T/chromatic--31736-spDglKApYD5i/[22m[2massets/[22m[36msyntaxhighlighter-ED5Y7EFY-C-4ewf5H.js[39m[1m[2m[22m
[90m│[39m  [2m78.04 kB[22m[1m[22m[2m │ gzip:  27.03 kB[22m
[90m│[39m  [43mVite[49m
[90m│[39m  [2m../../../../../var/folders/tj/h66wk2597nq0zsg513cw091r0000gn/T/chromatic--31736-spDglKApYD5i/[22m[2massets/[22m[36mreact-18-_wyTrMJD.js[39m[1m[2m[22m
[90m│[39m  [2m181.13 kB[22m[1m[22m[2m │ gzip:  56.97 kB[22m
[90m│[39m  [43mVite[49m
[90m│[39m  [2m../../../../../var/folders/tj/h66wk2597nq0zsg513cw091r0000gn/T/chromatic--31736-spDglKApYD5i/[22m[2massets/[22m[36maxe-6_XjeZfR.js[39m[1m[33m[39m
[90m│[39m  [33m579.70 kB[39m[22m[2m │ gzip: 159.23 kB[22m
[90m│[39m  [43mVite[49m
[90m│[39m  [2m../../../../../var/folders/tj/h66wk2597nq0zsg513cw091r0000gn/T/chromatic--31736-spDglKApYD5i/[22m[2massets/[22m[36mblocks-Bxpl0_nM.js[39m[1m[33m[39m
[90m│[39m  [33m802.83 kB[39m[22m[2m │ gzip: 255.30 kB[22m
[90m│[39m  [43mVite[49m
[90m│[39m  [2m../../../../../var/folders/tj/h66wk2597nq0zsg513cw091r0000gn/T/chromatic--31736-spDglKApYD5i/[22m[2massets/[22m[36miframe-C7u9xlYu.js[39m
[90m│[39m  [36m[39m[1m[33m1,128.77 kB[39m[22m[2m │ gzip: 321.08 kB[22m
[90m│[39m
[33m▲[39m  [43mVite[49m[33m
[90m│[39m  (!) Some chunks are larger than 500 kB after minification. Consider:
[90m│[39m  - Using dynamic import() to code-split the application
[90m│[39m  - Use build.rollupOptions.output.manualChunks to improve chunking:
[90m│[39m  ]8;;https://rollupjs.org/configuration-options/#output-manualchunkshttps://rollupjs.org/configuration-options/#output-manualchunks]8;;
[90m│[39m  - Adjust chunk size limit for this warning via
[90m│[39m  build.chunkSizeWarningLimit.[39m
[90m│[39m  [43mVite[49m [32m✓ built in 2.68s[39m
[90m│[39m
[32m◇[39m  Output directory:
[90m│[39m  /var/folders/tj/h66wk2597nq0zsg513cw091r0000gn/T/chromatic--31736-spDglKApYD5i
[90m│[39m
[90m└[39m  Storybook build completed successfully

